
=== CAPACITÉS SYSTÈME 2026-03-26 22:15:56 ===
🔧 Outils disponibles:
/usr/bin/curl
/usr/bin/wget
/usr/bin/ssh
/home/jules/.pyenv/versions/3.12.13/bin/python
/home/jules/.pyenv/versions/3.12.13/bin/python3


=== CAPACITÉS SYSTÈME 2026-03-26 22:16:11 ===
🔧 Outils disponibles:
/usr/bin/curl
/usr/bin/wget
/usr/bin/ssh
/home/jules/.pyenv/versions/3.12.13/bin/python
/home/jules/.pyenv/versions/3.12.13/bin/python3


=== CAPACITÉS SYSTÈME 2026-03-26 22:16:26 ===
🔧 Outils disponibles:
/usr/bin/curl
/usr/bin/wget
/usr/bin/ssh
/home/jules/.pyenv/versions/3.12.13/bin/python
/home/jules/.pyenv/versions/3.12.13/bin/python3


=== CAPACITÉS SYSTÈME 2026-03-26 22:16:40 ===
🔧 Outils disponibles:
/usr/bin/curl
/usr/bin/wget
/usr/bin/ssh
/home/jules/.pyenv/versions/3.12.13/bin/python
/home/jules/.pyenv/versions/3.12.13/bin/python3


=== CAPACITÉS SYSTÈME 2026-03-26 22:16:55 ===
🔧 Outils disponibles:
/usr/bin/curl
/usr/bin/wget
/usr/bin/ssh
/home/jules/.pyenv/versions/3.12.13/bin/python
/home/jules/.pyenv/versions/3.12.13/bin/python3


=== CAPACITÉS SYSTÈME 2026-03-26 22:17:14 ===
🔧 Outils disponibles:
/usr/bin/curl
/usr/bin/wget
/usr/bin/ssh
/home/jules/.pyenv/versions/3.12.13/bin/python
/home/jules/.pyenv/versions/3.12.13/bin/python3


=== CAPACITÉS SYSTÈME 2026-03-26 22:17:28 ===
🔧 Outils disponibles:
/usr/bin/curl
/usr/bin/wget
/usr/bin/ssh
/home/jules/.pyenv/versions/3.12.13/bin/python
/home/jules/.pyenv/versions/3.12.13/bin/python3


=== CAPACITÉS SYSTÈME 2026-03-26 22:17:43 ===
🔧 Outils disponibles:
/usr/bin/curl
/usr/bin/wget
/usr/bin/ssh
/home/jules/.pyenv/versions/3.12.13/bin/python
/home/jules/.pyenv/versions/3.12.13/bin/python3


=== CAPACITÉS SYSTÈME 2026-03-26 22:17:59 ===
🔧 Outils disponibles:
/usr/bin/curl
/usr/bin/wget
/usr/bin/ssh
/home/jules/.pyenv/versions/3.12.13/bin/python
/home/jules/.pyenv/versions/3.12.13/bin/python3


=== CAPACITÉS SYSTÈME 2026-03-26 22:18:17 ===
🔧 Outils disponibles:
/usr/bin/curl
/usr/bin/wget
/usr/bin/ssh
/home/jules/.pyenv/versions/3.12.13/bin/python
/home/jules/.pyenv/versions/3.12.13/bin/python3


=== CAPACITÉS SYSTÈME 2026-03-26 22:18:37 ===
🔧 Outils disponibles:
/usr/bin/curl
/usr/bin/wget
/usr/bin/ssh
/home/jules/.pyenv/versions/3.12.13/bin/python
/home/jules/.pyenv/versions/3.12.13/bin/python3


=== CAPACITÉS SYSTÈME 2026-03-26 22:18:52 ===
🔧 Outils disponibles:
/usr/bin/curl
/usr/bin/wget
/usr/bin/ssh
/home/jules/.pyenv/versions/3.12.13/bin/python
/home/jules/.pyenv/versions/3.12.13/bin/python3


=== CAPACITÉS SYSTÈME 2026-03-26 22:19:10 ===
🔧 Outils disponibles:
/usr/bin/curl
/usr/bin/wget
/usr/bin/ssh
/home/jules/.pyenv/versions/3.12.13/bin/python
/home/jules/.pyenv/versions/3.12.13/bin/python3


=== CAPACITÉS SYSTÈME 2026-03-26 22:19:25 ===
🔧 Outils disponibles:
/usr/bin/curl
/usr/bin/wget
/usr/bin/ssh
/home/jules/.pyenv/versions/3.12.13/bin/python
/home/jules/.pyenv/versions/3.12.13/bin/python3


=== CAPACITÉS SYSTÈME 2026-03-26 22:19:39 ===
🔧 Outils disponibles:
/usr/bin/curl
/usr/bin/wget
/usr/bin/ssh
/home/jules/.pyenv/versions/3.12.13/bin/python
/home/jules/.pyenv/versions/3.12.13/bin/python3


=== CAPACITÉS SYSTÈME 2026-03-26 22:20:45 ===
🔧 Outils disponibles:
/usr/bin/curl
/usr/bin/wget
/usr/bin/ssh
/home/jules/.pyenv/versions/3.12.13/bin/python
/home/jules/.pyenv/versions/3.12.13/bin/python3


=== CAPACITÉS SYSTÈME 2026-03-26 22:21:39 ===
🔧 Outils disponibles:
/usr/bin/curl
/usr/bin/wget
/usr/bin/ssh
/home/jules/.pyenv/versions/3.12.13/bin/python
/home/jules/.pyenv/versions/3.12.13/bin/python3


=== CAPACITÉS SYSTÈME 2026-03-26 22:21:53 ===
🔧 Outils disponibles:
/usr/bin/curl
/usr/bin/wget
/usr/bin/ssh
/home/jules/.pyenv/versions/3.12.13/bin/python
/home/jules/.pyenv/versions/3.12.13/bin/python3


=== CAPACITÉS SYSTÈME 2026-03-26 22:26:31 ===
🔧 Outils disponibles:
/usr/bin/curl
/usr/bin/wget
/usr/bin/ssh
/home/jules/.pyenv/versions/3.12.13/bin/python
/home/jules/.pyenv/versions/3.12.13/bin/python3


=== CAPACITÉS SYSTÈME 2026-03-26 22:26:46 ===
🔧 Outils disponibles:
/usr/bin/curl
/usr/bin/wget
/usr/bin/ssh
/home/jules/.pyenv/versions/3.12.13/bin/python
/home/jules/.pyenv/versions/3.12.13/bin/python3


=== CAPACITÉS SYSTÈME 2026-03-26 22:27:01 ===
🔧 Outils disponibles:
/usr/bin/curl
/usr/bin/wget
/usr/bin/ssh
/home/jules/.pyenv/versions/3.12.13/bin/python
/home/jules/.pyenv/versions/3.12.13/bin/python3


=== CAPACITÉS SYSTÈME 2026-03-26 22:27:18 ===
🔧 Outils disponibles:
/usr/bin/curl
/usr/bin/wget
/usr/bin/ssh
/home/jules/.pyenv/versions/3.12.13/bin/python
/home/jules/.pyenv/versions/3.12.13/bin/python3


=== CAPACITÉS SYSTÈME 2026-03-26 22:27:33 ===
🔧 Outils disponibles:
/usr/bin/curl
/usr/bin/wget
/usr/bin/ssh
/home/jules/.pyenv/versions/3.12.13/bin/python
/home/jules/.pyenv/versions/3.12.13/bin/python3


=== CAPACITÉS SYSTÈME 2026-03-26 22:27:53 ===
🔧 Outils disponibles:
/usr/bin/curl
/usr/bin/wget
/usr/bin/ssh
/home/jules/.pyenv/versions/3.12.13/bin/python
/home/jules/.pyenv/versions/3.12.13/bin/python3


=== CAPACITÉS SYSTÈME 2026-03-26 22:28:16 ===
🔧 Outils disponibles:
/usr/bin/curl
/usr/bin/wget
/usr/bin/ssh
/home/jules/.pyenv/versions/3.12.13/bin/python
/home/jules/.pyenv/versions/3.12.13/bin/python3


=== CAPACITÉS SYSTÈME 2026-03-26 22:28:31 ===
🔧 Outils disponibles:
/usr/bin/curl
/usr/bin/wget
/usr/bin/ssh
/home/jules/.pyenv/versions/3.12.13/bin/python
/home/jules/.pyenv/versions/3.12.13/bin/python3


=== CAPACITÉS SYSTÈME 2026-03-26 22:28:46 ===
🔧 Outils disponibles:
/usr/bin/curl
/usr/bin/wget
/usr/bin/ssh
/home/jules/.pyenv/versions/3.12.13/bin/python
/home/jules/.pyenv/versions/3.12.13/bin/python3


=== CAPACITÉS SYSTÈME 2026-03-26 22:29:01 ===
🔧 Outils disponibles:
/usr/bin/curl
/usr/bin/wget
/usr/bin/ssh
/home/jules/.pyenv/versions/3.12.13/bin/python
/home/jules/.pyenv/versions/3.12.13/bin/python3


=== CAPACITÉS SYSTÈME 2026-03-26 22:31:12 ===
🔧 Outils disponibles:
/usr/bin/curl
/usr/bin/wget
/usr/bin/ssh
/home/jules/.pyenv/versions/3.12.13/bin/python
/home/jules/.pyenv/versions/3.12.13/bin/python3


=== CAPACITÉS SYSTÈME 2026-03-26 22:31:27 ===
🔧 Outils disponibles:
/usr/bin/curl
/usr/bin/wget
/usr/bin/ssh
/home/jules/.pyenv/versions/3.12.13/bin/python
/home/jules/.pyenv/versions/3.12.13/bin/python3


=== CAPACITÉS SYSTÈME 2026-03-26 22:33:38 ===
🔧 Outils disponibles:
/usr/bin/curl
/usr/bin/wget
/usr/bin/ssh
/home/jules/.pyenv/versions/3.12.13/bin/python
/home/jules/.pyenv/versions/3.12.13/bin/python3


=== CAPACITÉS SYSTÈME 2026-03-26 22:33:53 ===
🔧 Outils disponibles:
/usr/bin/curl
/usr/bin/wget
/usr/bin/ssh
/home/jules/.pyenv/versions/3.12.13/bin/python
/home/jules/.pyenv/versions/3.12.13/bin/python3


=== CAPACITÉS SYSTÈME 2026-03-26 22:34:08 ===
🔧 Outils disponibles:
/usr/bin/curl
/usr/bin/wget
/usr/bin/ssh
/home/jules/.pyenv/versions/3.12.13/bin/python
/home/jules/.pyenv/versions/3.12.13/bin/python3


=== CAPACITÉS SYSTÈME 2026-03-26 22:34:23 ===
🔧 Outils disponibles:
/usr/bin/curl
/usr/bin/wget
/usr/bin/ssh
/home/jules/.pyenv/versions/3.12.13/bin/python
/home/jules/.pyenv/versions/3.12.13/bin/python3


=== CAPACITÉS SYSTÈME 2026-03-26 22:34:38 ===
🔧 Outils disponibles:
/usr/bin/curl
/usr/bin/wget
/usr/bin/ssh
/home/jules/.pyenv/versions/3.12.13/bin/python
/home/jules/.pyenv/versions/3.12.13/bin/python3


=== CAPACITÉS SYSTÈME 2026-03-26 22:34:53 ===
🔧 Outils disponibles:
/usr/bin/curl
/usr/bin/wget
/usr/bin/ssh
/home/jules/.pyenv/versions/3.12.13/bin/python
/home/jules/.pyenv/versions/3.12.13/bin/python3


=== CAPACITÉS SYSTÈME 2026-03-26 22:35:07 ===
🔧 Outils disponibles:
/usr/bin/curl
/usr/bin/wget
/usr/bin/ssh
/home/jules/.pyenv/versions/3.12.13/bin/python
/home/jules/.pyenv/versions/3.12.13/bin/python3


=== CAPACITÉS SYSTÈME 2026-03-26 22:35:27 ===
🔧 Outils disponibles:
/usr/bin/curl
/usr/bin/wget
/usr/bin/ssh
/home/jules/.pyenv/versions/3.12.13/bin/python
/home/jules/.pyenv/versions/3.12.13/bin/python3


=== CAPACITÉS SYSTÈME 2026-03-26 22:35:42 ===
🔧 Outils disponibles:
/usr/bin/curl
/usr/bin/wget
/usr/bin/ssh
/home/jules/.pyenv/versions/3.12.13/bin/python
/home/jules/.pyenv/versions/3.12.13/bin/python3


=== CAPACITÉS SYSTÈME 2026-03-26 22:35:57 ===
🔧 Outils disponibles:
/usr/bin/curl
/usr/bin/wget
/usr/bin/ssh
/home/jules/.pyenv/versions/3.12.13/bin/python
/home/jules/.pyenv/versions/3.12.13/bin/python3


=== CAPACITÉS SYSTÈME 2026-03-26 22:36:13 ===
🔧 Outils disponibles:
/usr/bin/curl
/usr/bin/wget
/usr/bin/ssh
/home/jules/.pyenv/versions/3.12.13/bin/python
/home/jules/.pyenv/versions/3.12.13/bin/python3


=== CAPACITÉS SYSTÈME 2026-03-26 22:36:28 ===
🔧 Outils disponibles:
/usr/bin/curl
/usr/bin/wget
/usr/bin/ssh
/home/jules/.pyenv/versions/3.12.13/bin/python
/home/jules/.pyenv/versions/3.12.13/bin/python3


=== CAPACITÉS SYSTÈME 2026-03-26 22:36:43 ===
🔧 Outils disponibles:
/usr/bin/curl
/usr/bin/wget
/usr/bin/ssh
/home/jules/.pyenv/versions/3.12.13/bin/python
/home/jules/.pyenv/versions/3.12.13/bin/python3


=== CAPACITÉS SYSTÈME 2026-03-26 22:39:11 ===
🔧 Outils disponibles:
/usr/bin/curl
/usr/bin/wget
/usr/bin/ssh
/home/jules/.pyenv/versions/3.12.13/bin/python
/home/jules/.pyenv/versions/3.12.13/bin/python3


=== CAPACITÉS SYSTÈME 2026-03-26 22:39:25 ===
🔧 Outils disponibles:
/usr/bin/curl
/usr/bin/wget
/usr/bin/ssh
/home/jules/.pyenv/versions/3.12.13/bin/python
/home/jules/.pyenv/versions/3.12.13/bin/python3


=== CAPACITÉS SYSTÈME 2026-03-26 22:39:40 ===
🔧 Outils disponibles:
/usr/bin/curl
/usr/bin/wget
/usr/bin/ssh
/home/jules/.pyenv/versions/3.12.13/bin/python
/home/jules/.pyenv/versions/3.12.13/bin/python3


=== CAPACITÉS SYSTÈME 2026-03-26 22:39:55 ===
🔧 Outils disponibles:
/usr/bin/curl
/usr/bin/wget
/usr/bin/ssh
/home/jules/.pyenv/versions/3.12.13/bin/python
/home/jules/.pyenv/versions/3.12.13/bin/python3


=== CAPACITÉS SYSTÈME 2026-03-26 22:40:10 ===
🔧 Outils disponibles:
/usr/bin/curl
/usr/bin/wget
/usr/bin/ssh
/home/jules/.pyenv/versions/3.12.13/bin/python
/home/jules/.pyenv/versions/3.12.13/bin/python3


=== CAPACITÉS SYSTÈME 2026-03-26 22:40:30 ===
🔧 Outils disponibles:
/usr/bin/curl
/usr/bin/wget
/usr/bin/ssh
/home/jules/.pyenv/versions/3.12.13/bin/python
/home/jules/.pyenv/versions/3.12.13/bin/python3


=== CAPACITÉS SYSTÈME 2026-03-26 22:40:45 ===
🔧 Outils disponibles:
/usr/bin/curl
/usr/bin/wget
/usr/bin/ssh
/home/jules/.pyenv/versions/3.12.13/bin/python
/home/jules/.pyenv/versions/3.12.13/bin/python3


=== CAPACITÉS SYSTÈME 2026-03-26 22:41:01 ===
🔧 Outils disponibles:
/usr/bin/curl
/usr/bin/wget
/usr/bin/ssh
/home/jules/.pyenv/versions/3.12.13/bin/python
/home/jules/.pyenv/versions/3.12.13/bin/python3


=== CAPACITÉS SYSTÈME 2026-03-26 22:41:17 ===
🔧 Outils disponibles:
/usr/bin/curl
/usr/bin/wget
/usr/bin/ssh
/home/jules/.pyenv/versions/3.12.13/bin/python
/home/jules/.pyenv/versions/3.12.13/bin/python3


=== CAPACITÉS SYSTÈME 2026-03-26 22:41:34 ===
🔧 Outils disponibles:
/usr/bin/curl
/usr/bin/wget
/usr/bin/ssh
/home/jules/.pyenv/versions/3.12.13/bin/python
/home/jules/.pyenv/versions/3.12.13/bin/python3


=== CAPACITÉS SYSTÈME 2026-03-26 22:43:31 ===
🔧 Outils disponibles:
/usr/bin/curl
/usr/bin/wget
/usr/bin/ssh
/home/jules/.pyenv/versions/3.12.13/bin/python
/home/jules/.pyenv/versions/3.12.13/bin/python3


=== CAPACITÉS SYSTÈME 2026-03-26 22:43:46 ===
🔧 Outils disponibles:
/usr/bin/curl
/usr/bin/wget
/usr/bin/ssh
/home/jules/.pyenv/versions/3.12.13/bin/python
/home/jules/.pyenv/versions/3.12.13/bin/python3


=== CAPACITÉS SYSTÈME 2026-03-26 22:46:11 ===
🔧 Outils disponibles:
/usr/bin/curl
/usr/bin/wget
/usr/bin/ssh
/home/jules/.pyenv/versions/3.12.13/bin/python
/home/jules/.pyenv/versions/3.12.13/bin/python3


=== CAPACITÉS SYSTÈME 2026-03-26 22:48:21 ===
🔧 Outils disponibles:
/usr/bin/curl
/usr/bin/wget
/usr/bin/ssh
/home/jules/.pyenv/versions/3.12.13/bin/python
/home/jules/.pyenv/versions/3.12.13/bin/python3


=== CAPACITÉS SYSTÈME 2026-03-26 22:48:36 ===
🔧 Outils disponibles:
/usr/bin/curl
/usr/bin/wget
/usr/bin/ssh
/home/jules/.pyenv/versions/3.12.13/bin/python
/home/jules/.pyenv/versions/3.12.13/bin/python3
