cat /sys/class/power_supply/battery/capacity 2>/dev/null
df /data 2>/dev/null | tail -1
cat /proc/meminfo
cat /sys/class/power_supply/battery/temp 2>/dev/null
netstat -tunap 2>/dev/null | grep -v '127.0.0.1' | head -15
ip addr show 2>/dev/null | grep 'inet '
netstat -an | grep ESTABLISHED | wc -l
cat /proc/loadavg
find /system -type f -name '*47*' 2>/dev/null | head -5
python3 -c "import random; print(f'Exploration dimension: {random.randint(1000,9999)}')"
find / -perm -4000 -type f 2>/dev/null | head -5
ps aux | grep -E '(ssh|nc|netcat|telnet)' | grep -v grep
ping -c 2 8.8.8.8 2>/dev/null && echo 'RÉSEAU_STABLE' || echo 'RÉSEAU_INSTABLE'
which curl wget nc netcat ssh python python3 2>/dev/null
ps aux | tail -n +2 | head -3 | awk '{print $11}'
cat /proc/cpuinfo | grep -i 'model'
find /system -name '*.so' 2>/dev/null | head -10
which  dumpsys
find / -type f -size +1M -size -10M 2>/dev/null | head -2
which  getprop
df -h | grep -v tmpfs | head -1
ls -la /dev/ | grep -v '^c' | head -3
find /system -type f -exec file {} \; 2>/dev/null | grep -v ELF | head -2
ls -la /proc/device-tree/ 2>/dev/null | head -3
find / -name {fichier} 2>/dev/null
netstat -tun | grep ':' | cut -d: -f2 | sort -u | head -5
echo '🌌 Connexions cosmiques: ' && netstat -an | grep ESTABLISHED | wc -l
netstat -tun | awk '{print $5}' | cut -d: -f1 | sort | uniq -c
cat /proc/loadavg && echo ' - Réflexion en cours...'
which  pm
cat /proc/meminfo | grep -E 'Mem|Swap' | head -2
find /system -type f -name '*11*' 2>/dev/null | head -5
find /system -type f -name '*21*' 2>/dev/null | head -5
find /system -type f -name '*24*' 2>/dev/null | head -5
echo '💫 Énergie processeur: ' && cat /proc/stat | head -1 | awk '{print $2+$3+$4}' && echo ' cycles'
netstat -tun | grep -v '127.0.0.1' | head -5
find /system -type f -name '*44*' 2>/dev/null | head -5
find /system -name '*processes*' 2>/dev/null | head -2
cat /proc/net/route 2>/dev/null | head -3
find /system -type f -name '*15*' 2>/dev/null | head -5
python3 -c "print('🎨 Innovation: explore_processes')"
find /system -type f -name '*14*' 2>/dev/null | head -5
find /system -type f -name '*29*' 2>/dev/null | head -5
find /system -type f -name '*34*' 2>/dev/null | head -5
find /system -type f -name '*23*' 2>/dev/null | head -5
