[2026-03-28 00:42:59] 🌌 Agent Évolution Ultime v7.1 - Version Python ABSOLUE+
[2026-03-28 00:42:59] 📢 Communication: Agent Évolution démarré - Mode autonome + Apprentissage Web + Auto-Défense + Auto-Modification.
[2026-03-28 00:42:59] 💾 Archivé automatiquement: Démarrage
[2026-03-28 00:42:59] 🧠 Cerveau web activé en arrière-plan
[2026-03-28 00:42:59] 🛰️ [VERROU ACQUIS] Lancement de la recherche web sur le sujet : android security exploit
[2026-03-28 00:42:59] ⚡ Apprentissage temps réel activé
[2026-03-28 00:42:59] 🌐 Tentative d'accès à Code_Analysis_Tools...
[2026-03-28 00:42:59] 📡 Appel API détecté pour Code_Analysis_Tools.
[2026-03-28 00:42:59] 🔑 Utilisation du token GitHub pour l'accès API.
[2026-03-28 00:42:59] 🔔 Surveillance automatique activée
[2026-03-28 00:42:59] 🧠 Boucle d'apprentissage autonome démarrée.
[2026-03-28 00:42:59] 💡 Boucle d'apprentissage autonome activée en arrière-plan.
[2026-03-28 00:42:59] --- DÉBUT DU CYCLE #1 ---
[2026-03-28 00:42:59] 💤 Attente commandes... (cycle 1)
[2026-03-28 00:42:59] ✅ Nouvelle commande réussie apprise: cat /sys/class/power_supply/battery/capacity 2>/dev/null
[2026-03-28 00:42:59] 🎯 NOUVELLE COMMANDE GAGNANTE DÉCOUVERTE: cat /sys/class/power_supply/battery/capacity 2>/dev/null
[2026-03-28 00:42:59] ✅ Nouvelle commande réussie apprise: df /data 2>/dev/null | tail -1
[2026-03-28 00:42:59] 🎯 NOUVELLE COMMANDE GAGNANTE DÉCOUVERTE: df /data 2>/dev/null | tail -1
[2026-03-28 00:42:59] ❌ Erreur API pour Code_Analysis_Tools: 401 Unauthorized
[2026-03-28 00:42:59] ⚠️ Échec de la récupération du contenu pour Code_Analysis_Tools
[2026-03-28 00:42:59] ⏳ Pause stratégique de 10 secondes...
[2026-03-28 00:43:01] ❌ Erreur d'écriture unique dans winning_patterns.log: maximum recursion depth exceeded
[2026-03-28 00:43:01] ❌ Erreur d'écriture unique dans successful_commands.log: maximum recursion depth exceeded
[2026-03-28 00:43:01] ❌ Erreur surveillance: maximum recursion depth exceeded
[2026-03-28 00:43:09] 🌐 Tentative d'accès à GIL_Optimization...
[2026-03-28 00:43:09] 📡 Appel API détecté pour GIL_Optimization.
[2026-03-28 00:43:09] 🔑 Utilisation du token GitHub pour l'accès API.
[2026-03-28 00:43:09] ❌ Erreur API pour GIL_Optimization: 401 Unauthorized
[2026-03-28 00:43:09] ⚠️ Échec de la récupération du contenu pour GIL_Optimization
[2026-03-28 00:43:09] ⏳ Pause stratégique de 10 secondes...
[2026-03-28 00:54:56] 🧠 Mémoire cognitive chargée: 2 commandes suivies.
[2026-03-28 00:54:56] 🌌 Agent Évolution Ultime v7.1 - Version Python ABSOLUE+
[2026-03-28 00:54:56] 📢 Communication: Agent Évolution démarré - Mode autonome + Apprentissage Web + Auto-Défense + Auto-Modification.
[2026-03-28 00:54:56] 💾 Archivé automatiquement: Démarrage
[2026-03-28 00:54:57] 🛰️ [VERROU ACQUIS] Lancement de la recherche web sur le sujet : linux privilege escalation
[2026-03-28 00:54:57] 🌐 Tentative d'accès à Code_Evolution...
[2026-03-28 00:54:57] 🧠 Cerveau web activé en arrière-plan
[2026-03-28 00:54:57] 📡 Appel API détecté pour Code_Evolution.
[2026-03-28 00:54:57] 🔑 Utilisation du token GitHub pour l'accès API.
[2026-03-28 00:54:57] ⚡ Apprentissage temps réel activé
[2026-03-28 00:54:57] 🔔 Surveillance automatique activée
[2026-03-28 00:54:57] 🧠 Boucle d'apprentissage autonome démarrée.
[2026-03-28 00:54:57] 💡 Boucle d'apprentissage autonome activée en arrière-plan.
[2026-03-28 00:54:57] --- DÉBUT DU CYCLE #1 ---
[2026-03-28 00:54:57] 💤 Attente commandes... (cycle 1)
[2026-03-28 00:54:57] ❌ Erreur API pour Code_Evolution: 401 Unauthorized
[2026-03-28 00:54:57] ⚠️ Échec de la récupération du contenu pour Code_Evolution
[2026-03-28 00:54:57] ⏳ Pause stratégique de 10 secondes...
[2026-03-28 00:54:59] ❌ Erreur surveillance: maximum recursion depth exceeded
[2026-03-28 00:55:07] 🌐 Tentative d'accès à Termux_Advanced...
[2026-03-28 00:55:07] 📡 Appel API détecté pour Termux_Advanced.
[2026-03-28 00:55:07] 🔑 Utilisation du token GitHub pour l'accès API.
[2026-03-28 00:55:07] ❌ Erreur API pour Termux_Advanced: 401 Unauthorized
[2026-03-28 00:55:07] ⚠️ Échec de la récupération du contenu pour Termux_Advanced
[2026-03-28 00:55:07] ⏳ Pause stratégique de 10 secondes...
[2026-03-28 00:55:12] --- DÉBUT DU CYCLE #2 ---
[2026-03-28 00:55:12] 💤 Attente commandes... (cycle 2)
